<?xml version="1.0" encoding="UTF-8"?>
<!-- Generated by org.testng.reporters.JUnitXMLReporter -->
<testsuite ignored="0" hostname="LAPTOP-M6D566IO" failures="0" tests="2" name="Command line test" time="0.08" errors="0" timestamp="2022-09-29T23:11:26 IST">
  <testcase classname="test.TestClass1" name="@BeforeTest openBrowser" time="-1.664473286804E9">
    <failure type="org.testng.TestNGException" message="
Parameter &amp;apos;browserName&amp;apos; is required by BeforeTest on method openBrowser but has not been marked @Optional or defined
">
      <![CDATA[org.testng.TestNGException: 
Parameter 'browserName' is required by BeforeTest on method openBrowser but has not been marked @Optional or defined

... Removed 30 stack frames]]>
    </failure>
  </testcase> <!-- @BeforeTest openBrowser -->
  <testcase classname="test.TestClass1" name="@BeforeClass createPOMObject" time="0.0">
    <skipped/>
  </testcase> <!-- @BeforeClass createPOMObject -->
  <testcase classname="test.TestClass1" name="@BeforeMethod searchMovieByName" time="0.0">
    <skipped/>
  </testcase> <!-- @BeforeMethod searchMovieByName -->
  <testcase classname="test.TestClass1" name="@AfterMethod logoutFromApplication" time="0.0">
    <skipped/>
  </testcase> <!-- @AfterMethod logoutFromApplication -->
  <testcase classname="test.TestClass1" name="@BeforeMethod searchMovieByName" time="0.0">
    <skipped/>
  </testcase> <!-- @BeforeMethod searchMovieByName -->
  <testcase classname="test.TestClass1" name="@AfterMethod logoutFromApplication" time="0.0">
    <skipped/>
  </testcase> <!-- @AfterMethod logoutFromApplication -->
  <testcase classname="test.TestClass1" name="@AfterClass closeBrowser" time="0.0">
    <skipped/>
  </testcase> <!-- @AfterClass closeBrowser -->
  <testcase classname="test.TestClass1" name="verifyReleaseDate" time="0.0">
    <skipped/>
  </testcase> <!-- verifyReleaseDate -->
  <testcase classname="test.TestClass1" name="verifyCountry" time="0.0">
    <skipped/>
  </testcase> <!-- verifyCountry -->
</testsuite> <!-- Command line test -->
